<?xml version="1.0" encoding="UTF-8"?>
<!-- Generated by org.testng.reporters.JUnitXMLReporter -->
<testsuite ignored="5" hostname="robbie_hp_new" failures="0" tests="4" name="GRP-smoke" time="35.249" errors="0" timestamp="2025-05-29T10:08:24 EDT">
  <testcase classname="tests.LoginPage_Test" name="verifyValidLogin" time="0.949"/>
  <testcase classname="tests.InventoryPage_Test" name="VerifyAddProductToCart" time="3.308"/>
  <testcase classname="tests.InventoryPage_Test" name="verifyClickingOnProduct" time="4.063"/>
  <testcase classname="tests.InventoryItemPage_Test" name="verifyAddProductToCartFromInventoryItemPage" time="1.256"/>
  <testcase classname="tests.InventoryItemPage_Test" name="verifyRemoveProductFromCartFromInventoryItemPage" time="0.0">
    <ignored/>
  </testcase> <!-- verifyRemoveProductFromCartFromInventoryItemPage -->
  <testcase classname="tests.InventoryItemPage_Test" name="verifyLogoutFromInventoryItemPage" time="0.0">
    <ignored/>
  </testcase> <!-- verifyLogoutFromInventoryItemPage -->
  <testcase classname="tests.InventoryItemPage_Test" name="verifyBackButton" time="0.0">
    <ignored/>
  </testcase> <!-- verifyBackButton -->
  <testcase classname="tests.InventoryPage_Test" name="VerifyLogoutFromInventoryPage" time="0.0">
    <ignored/>
  </testcase> <!-- VerifyLogoutFromInventoryPage -->
  <testcase classname="tests.LoginPage_Test" name="VerifyLoginPageTitle" time="0.0">
    <ignored/>
  </testcase> <!-- VerifyLoginPageTitle -->
</testsuite> <!-- GRP-smoke -->
