<?xml version="1.0" encoding="UTF-8"?>
<!-- Generated by org.testng.reporters.JUnitXMLReporter -->
<testsuite ignored="1" hostname="robbie_hp_new" failures="0" tests="1" name="Smoke Tests" time="10.437" errors="0" timestamp="2025-05-29T14:44:17 EDT">
  <testcase classname="tests.LoginPage_Test" name="verifyValidLogin" time="1.349"/>
  <testcase classname="tests.LoginPage_Test" name="VerifyLoginPageTitle" time="0.0">
    <ignored/>
  </testcase> <!-- VerifyLoginPageTitle -->
</testsuite> <!-- Smoke Tests -->
