<?xml version="1.0" encoding="UTF-8"?>
<testng-results ignored="0" total="9" passed="8" failed="1" skipped="0">
  <reporter-output>
  </reporter-output>
  <suite started-at="2025-06-12T10:26:01 EDT" name="Regression Suite" finished-at="2025-06-12T10:27:22 EDT" duration-ms="80687">
    <groups>
      <group name="smoke test">
        <method signature="InventoryItemPage_Test.verifyLogoutFromInventoryItemPage()[pri:0, instance:tests.InventoryItemPage_Test@752325ad]" name="verifyLogoutFromInventoryItemPage" class="tests.InventoryItemPage_Test"/>
      </group> <!-- smoke test -->
      <group name="smoke">
        <method signature="InventoryItemPage_Test.verifyAddProductToCartFromInventoryItemPage()[pri:0, instance:tests.InventoryItemPage_Test@752325ad]" name="verifyAddProductToCartFromInventoryItemPage" class="tests.InventoryItemPage_Test"/>
        <method signature="LoginPage_Test.verifyValidLogin()[pri:0, instance:tests.LoginPage_Test@31190526]" name="verifyValidLogin" class="tests.LoginPage_Test"/>
        <method signature="InventoryPage_Test.VerifyAddProductToCart()[pri:1, instance:tests.InventoryPage_Test@2a5c8d3f]" name="VerifyAddProductToCart" class="tests.InventoryPage_Test"/>
        <method signature="InventoryPage_Test.verifyClickingOnProduct()[pri:3, instance:tests.InventoryPage_Test@2a5c8d3f]" name="verifyClickingOnProduct" class="tests.InventoryPage_Test"/>
      </group> <!-- smoke -->
    </groups>
    <test started-at="2025-06-12T10:26:01 EDT" name="Functional Tests" finished-at="2025-06-12T10:27:22 EDT" duration-ms="80687">
      <class name="tests.LoginPage_Test">
        <test-method is-config="true" signature="setUp()[pri:0, instance:tests.LoginPage_Test@31190526]" started-at="2025-06-12T10:26:01 EDT" name="setUp" finished-at="2025-06-12T10:26:08 EDT" duration-ms="6770" status="PASS">
          <reporter-output>
          </reporter-output>
        </test-method> <!-- setUp -->
        <test-method signature="VerifyLoginPageTitle()[pri:0, instance:tests.LoginPage_Test@31190526]" started-at="2025-06-12T10:26:08 EDT" name="VerifyLoginPageTitle" finished-at="2025-06-12T10:26:12 EDT" duration-ms="4044" status="PASS">
          <reporter-output>
          </reporter-output>
        </test-method> <!-- VerifyLoginPageTitle -->
        <test-method is-config="true" signature="tearDown()[pri:0, instance:tests.LoginPage_Test@31190526]" started-at="2025-06-12T10:26:12 EDT" name="tearDown" finished-at="2025-06-12T10:26:12 EDT" duration-ms="181" status="PASS">
          <reporter-output>
          </reporter-output>
        </test-method> <!-- tearDown -->
        <test-method is-config="true" signature="setUp()[pri:0, instance:tests.LoginPage_Test@31190526]" started-at="2025-06-12T10:26:12 EDT" name="setUp" finished-at="2025-06-12T10:26:18 EDT" duration-ms="6101" status="PASS">
          <reporter-output>
          </reporter-output>
        </test-method> <!-- setUp -->
        <test-method signature="verifyValidLogin()[pri:0, instance:tests.LoginPage_Test@31190526]" started-at="2025-06-12T10:26:18 EDT" name="verifyValidLogin" finished-at="2025-06-12T10:26:19 EDT" duration-ms="1214" status="PASS">
          <reporter-output>
          </reporter-output>
        </test-method> <!-- verifyValidLogin -->
        <test-method is-config="true" signature="tearDown()[pri:0, instance:tests.LoginPage_Test@31190526]" started-at="2025-06-12T10:26:19 EDT" name="tearDown" finished-at="2025-06-12T10:26:20 EDT" duration-ms="151" status="PASS">
          <reporter-output>
          </reporter-output>
        </test-method> <!-- tearDown -->
      </class> <!-- tests.LoginPage_Test -->
      <class name="tests.InventoryPage_Test">
        <test-method is-config="true" signature="setUp()[pri:0, instance:tests.InventoryPage_Test@2a5c8d3f]" started-at="2025-06-12T10:26:20 EDT" name="setUp" finished-at="2025-06-12T10:26:26 EDT" duration-ms="6227" status="PASS">
          <reporter-output>
          </reporter-output>
        </test-method> <!-- setUp -->
        <test-method signature="VerifyAddProductToCart()[pri:1, instance:tests.InventoryPage_Test@2a5c8d3f]" started-at="2025-06-12T10:26:26 EDT" name="VerifyAddProductToCart" finished-at="2025-06-12T10:26:29 EDT" duration-ms="3202" status="PASS">
          <reporter-output>
          </reporter-output>
        </test-method> <!-- VerifyAddProductToCart -->
        <test-method is-config="true" signature="tearDown()[pri:0, instance:tests.InventoryPage_Test@2a5c8d3f]" started-at="2025-06-12T10:26:29 EDT" name="tearDown" finished-at="2025-06-12T10:26:29 EDT" duration-ms="174" status="PASS">
          <reporter-output>
          </reporter-output>
        </test-method> <!-- tearDown -->
        <test-method is-config="true" signature="setUp()[pri:0, instance:tests.InventoryPage_Test@2a5c8d3f]" started-at="2025-06-12T10:26:29 EDT" name="setUp" finished-at="2025-06-12T10:26:35 EDT" duration-ms="6097" status="PASS">
          <reporter-output>
          </reporter-output>
        </test-method> <!-- setUp -->
        <test-method signature="VerifyLogoutFromInventoryPage()[pri:2, instance:tests.InventoryPage_Test@2a5c8d3f]" started-at="2025-06-12T10:26:35 EDT" name="VerifyLogoutFromInventoryPage" finished-at="2025-06-12T10:26:39 EDT" duration-ms="3339" status="PASS">
          <reporter-output>
          </reporter-output>
        </test-method> <!-- VerifyLogoutFromInventoryPage -->
        <test-method is-config="true" signature="tearDown()[pri:0, instance:tests.InventoryPage_Test@2a5c8d3f]" started-at="2025-06-12T10:26:39 EDT" name="tearDown" finished-at="2025-06-12T10:26:39 EDT" duration-ms="156" status="PASS">
          <reporter-output>
          </reporter-output>
        </test-method> <!-- tearDown -->
        <test-method is-config="true" signature="setUp()[pri:0, instance:tests.InventoryPage_Test@2a5c8d3f]" started-at="2025-06-12T10:26:39 EDT" name="setUp" finished-at="2025-06-12T10:26:45 EDT" duration-ms="6027" status="PASS">
          <reporter-output>
          </reporter-output>
        </test-method> <!-- setUp -->
        <test-method signature="verifyClickingOnProduct()[pri:3, instance:tests.InventoryPage_Test@2a5c8d3f]" started-at="2025-06-12T10:26:45 EDT" name="verifyClickingOnProduct" finished-at="2025-06-12T10:26:49 EDT" duration-ms="3722" status="PASS">
          <reporter-output>
          </reporter-output>
        </test-method> <!-- verifyClickingOnProduct -->
        <test-method is-config="true" signature="tearDown()[pri:0, instance:tests.InventoryPage_Test@2a5c8d3f]" started-at="2025-06-12T10:26:49 EDT" name="tearDown" finished-at="2025-06-12T10:26:49 EDT" duration-ms="164" status="PASS">
          <reporter-output>
          </reporter-output>
        </test-method> <!-- tearDown -->
      </class> <!-- tests.InventoryPage_Test -->
      <class name="tests.InventoryItemPage_Test">
        <test-method is-config="true" signature="setUp()[pri:0, instance:tests.InventoryItemPage_Test@752325ad]" started-at="2025-06-12T10:26:49 EDT" name="setUp" finished-at="2025-06-12T10:26:55 EDT" duration-ms="6025" status="PASS">
          <reporter-output>
          </reporter-output>
        </test-method> <!-- setUp -->
        <test-method signature="verifyAddProductToCartFromInventoryItemPage()[pri:0, instance:tests.InventoryItemPage_Test@752325ad]" started-at="2025-06-12T10:26:55 EDT" name="verifyAddProductToCartFromInventoryItemPage" finished-at="2025-06-12T10:26:56 EDT" duration-ms="1177" status="PASS">
          <reporter-output>
          </reporter-output>
        </test-method> <!-- verifyAddProductToCartFromInventoryItemPage -->
        <test-method is-config="true" signature="tearDown()[pri:0, instance:tests.InventoryItemPage_Test@752325ad]" started-at="2025-06-12T10:26:56 EDT" name="tearDown" finished-at="2025-06-12T10:26:56 EDT" duration-ms="175" status="PASS">
          <reporter-output>
          </reporter-output>
        </test-method> <!-- tearDown -->
        <test-method is-config="true" signature="setUp()[pri:0, instance:tests.InventoryItemPage_Test@752325ad]" started-at="2025-06-12T10:26:56 EDT" name="setUp" finished-at="2025-06-12T10:27:02 EDT" duration-ms="6186" status="PASS">
          <reporter-output>
          </reporter-output>
        </test-method> <!-- setUp -->
        <test-method signature="verifyBackButton()[pri:0, instance:tests.InventoryItemPage_Test@752325ad]" started-at="2025-06-12T10:27:02 EDT" name="verifyBackButton" finished-at="2025-06-12T10:27:04 EDT" duration-ms="1719" status="PASS">
          <reporter-output>
          </reporter-output>
        </test-method> <!-- verifyBackButton -->
        <test-method is-config="true" signature="tearDown()[pri:0, instance:tests.InventoryItemPage_Test@752325ad]" started-at="2025-06-12T10:27:04 EDT" name="tearDown" finished-at="2025-06-12T10:27:04 EDT" duration-ms="180" status="PASS">
          <reporter-output>
          </reporter-output>
        </test-method> <!-- tearDown -->
        <test-method is-config="true" signature="setUp()[pri:0, instance:tests.InventoryItemPage_Test@752325ad]" started-at="2025-06-12T10:27:04 EDT" name="setUp" finished-at="2025-06-12T10:27:10 EDT" duration-ms="6110" status="PASS">
          <reporter-output>
          </reporter-output>
        </test-method> <!-- setUp -->
        <test-method signature="verifyLogoutFromInventoryItemPage()[pri:0, instance:tests.InventoryItemPage_Test@752325ad]" started-at="2025-06-12T10:27:10 EDT" name="verifyLogoutFromInventoryItemPage" finished-at="2025-06-12T10:27:12 EDT" duration-ms="1347" status="FAIL">
          <exception class="org.openqa.selenium.ElementNotInteractableException">
            <message>
              <![CDATA[element not interactable
  (Session info: chrome=137.0.7151.70)
Build info: version: '4.32.0', revision: 'd17c8aa950'
System info: os.name: 'Windows 11', os.arch: 'amd64', os.version: '10.0', java.version: '21.0.7'
Driver info: org.openqa.selenium.chrome.ChromeDriver
Command: [ec23e3b64757d42a561b7dee634f688a, clickElement {id=f.86BC58150816E61EE9E06AAAD7B93116.d.59B34A26ED6120E9C03A8DEFC2639EF3.e.39}]
Capabilities {acceptInsecureCerts: false, browserName: chrome, browserVersion: 137.0.7151.70, chrome: {chromedriverVersion: 137.0.7151.70 (dfa4dc56b2ab..., userDataDir: C:\Users\mcnag\AppData\Loca...}, fedcm:accounts: true, goog:chromeOptions: {debuggerAddress: localhost:51010}, networkConnectionEnabled: false, pageLoadStrategy: normal, platformName: windows, proxy: Proxy(), se:cdp: ws://localhost:51010/devtoo..., se:cdpVersion: 137.0.7151.70, setWindowRect: true, strictFileInteractability: false, timeouts: {implicit: 0, pageLoad: 300000, script: 30000}, unhandledPromptBehavior: dismiss and notify, webauthn:extension:credBlob: true, webauthn:extension:largeBlob: true, webauthn:extension:minPinLength: true, webauthn:extension:prf: true, webauthn:virtualAuthenticators: true}
Element: [[ChromeDriver: chrome on windows (ec23e3b64757d42a561b7dee634f688a)] -> id: logout_sidebar_link]
Session ID: ec23e3b64757d42a561b7dee634f688a]]>
            </message>
            <full-stacktrace>
              <![CDATA[org.openqa.selenium.ElementNotInteractableException: element not interactable
  (Session info: chrome=137.0.7151.70)
Build info: version: '4.32.0', revision: 'd17c8aa950'
System info: os.name: 'Windows 11', os.arch: 'amd64', os.version: '10.0', java.version: '21.0.7'
Driver info: org.openqa.selenium.chrome.ChromeDriver
Command: [ec23e3b64757d42a561b7dee634f688a, clickElement {id=f.86BC58150816E61EE9E06AAAD7B93116.d.59B34A26ED6120E9C03A8DEFC2639EF3.e.39}]
Capabilities {acceptInsecureCerts: false, browserName: chrome, browserVersion: 137.0.7151.70, chrome: {chromedriverVersion: 137.0.7151.70 (dfa4dc56b2ab..., userDataDir: C:\Users\mcnag\AppData\Loca...}, fedcm:accounts: true, goog:chromeOptions: {debuggerAddress: localhost:51010}, networkConnectionEnabled: false, pageLoadStrategy: normal, platformName: windows, proxy: Proxy(), se:cdp: ws://localhost:51010/devtoo..., se:cdpVersion: 137.0.7151.70, setWindowRect: true, strictFileInteractability: false, timeouts: {implicit: 0, pageLoad: 300000, script: 30000}, unhandledPromptBehavior: dismiss and notify, webauthn:extension:credBlob: true, webauthn:extension:largeBlob: true, webauthn:extension:minPinLength: true, webauthn:extension:prf: true, webauthn:virtualAuthenticators: true}
Element: [[ChromeDriver: chrome on windows (ec23e3b64757d42a561b7dee634f688a)] -> id: logout_sidebar_link]
Session ID: ec23e3b64757d42a561b7dee634f688a
at java.base/jdk.internal.reflect.DirectConstructorHandleAccessor.newInstance(DirectConstructorHandleAccessor.java:62)
at java.base/java.lang.reflect.Constructor.newInstanceWithCaller(Constructor.java:502)
at java.base/java.lang.reflect.Constructor.newInstance(Constructor.java:486)
at org.openqa.selenium.remote.ErrorCodec.decode(ErrorCodec.java:167)
at org.openqa.selenium.remote.codec.w3c.W3CHttpResponseCodec.decode(W3CHttpResponseCodec.java:138)
at org.openqa.selenium.remote.codec.w3c.W3CHttpResponseCodec.decode(W3CHttpResponseCodec.java:50)
at org.openqa.selenium.remote.HttpCommandExecutor.execute(HttpCommandExecutor.java:215)
at org.openqa.selenium.remote.service.DriverCommandExecutor.invokeExecute(DriverCommandExecutor.java:216)
at org.openqa.selenium.remote.service.DriverCommandExecutor.execute(DriverCommandExecutor.java:174)
at org.openqa.selenium.remote.RemoteWebDriver.execute(RemoteWebDriver.java:545)
at org.openqa.selenium.remote.RemoteWebElement.execute(RemoteWebElement.java:223)
at org.openqa.selenium.remote.RemoteWebElement.click(RemoteWebElement.java:76)
at java.base/jdk.internal.reflect.DirectMethodHandleAccessor.invoke(DirectMethodHandleAccessor.java:103)
at java.base/java.lang.reflect.Method.invoke(Method.java:580)
at org.openqa.selenium.support.pagefactory.internal.LocatingElementHandler.invoke(LocatingElementHandler.java:51)
at jdk.proxy2/jdk.proxy2.$Proxy14.click(Unknown Source)
at pages.InventoryItemPage.logoutFromInventoryItemPage(InventoryItemPage.java:53)
at tests.InventoryItemPage_Test.verifyLogoutFromInventoryItemPage(InventoryItemPage_Test.java:69)
at java.base/jdk.internal.reflect.DirectMethodHandleAccessor.invoke(DirectMethodHandleAccessor.java:103)
at java.base/java.lang.reflect.Method.invoke(Method.java:580)
at org.testng.internal.invokers.MethodInvocationHelper.invokeMethod(MethodInvocationHelper.java:141)
at org.testng.internal.invokers.TestInvoker.invokeMethod(TestInvoker.java:687)
at org.testng.internal.invokers.TestInvoker.invokeTestMethod(TestInvoker.java:230)
at org.testng.internal.invokers.MethodRunner.runInSequence(MethodRunner.java:63)
at org.testng.internal.invokers.TestInvoker$MethodInvocationAgent.invoke(TestInvoker.java:995)
at org.testng.internal.invokers.TestInvoker.invokeTestMethods(TestInvoker.java:203)
at org.testng.internal.invokers.TestMethodWorker.invokeTestMethods(TestMethodWorker.java:154)
at org.testng.internal.invokers.TestMethodWorker.run(TestMethodWorker.java:134)
at java.base/java.util.ArrayList.forEach(ArrayList.java:1596)
at org.testng.TestRunner.privateRun(TestRunner.java:741)
at org.testng.TestRunner.run(TestRunner.java:616)
at org.testng.SuiteRunner.runTest(SuiteRunner.java:421)
at org.testng.SuiteRunner.runSequentially(SuiteRunner.java:413)
at org.testng.SuiteRunner.privateRun(SuiteRunner.java:373)
at org.testng.SuiteRunner.run(SuiteRunner.java:312)
at org.testng.SuiteRunnerWorker.runSuite(SuiteRunnerWorker.java:52)
at org.testng.SuiteRunnerWorker.run(SuiteRunnerWorker.java:95)
at org.testng.TestNG.runSuitesSequentially(TestNG.java:1274)
at org.testng.TestNG.runSuitesLocally(TestNG.java:1208)
at org.testng.TestNG.runSuites(TestNG.java:1112)
at org.testng.TestNG.run(TestNG.java:1079)
at org.testng.remote.AbstractRemoteTestNG.run(AbstractRemoteTestNG.java:115)
at org.testng.remote.RemoteTestNG.initAndRun(RemoteTestNG.java:293)
at org.testng.remote.RemoteTestNG.main(RemoteTestNG.java:91)
]]>
            </full-stacktrace>
          </exception> <!-- org.openqa.selenium.ElementNotInteractableException -->
          <reporter-output>
          </reporter-output>
        </test-method> <!-- verifyLogoutFromInventoryItemPage -->
        <test-method is-config="true" signature="tearDown()[pri:0, instance:tests.InventoryItemPage_Test@752325ad]" started-at="2025-06-12T10:27:12 EDT" name="tearDown" finished-at="2025-06-12T10:27:12 EDT" duration-ms="179" status="PASS">
          <reporter-output>
          </reporter-output>
        </test-method> <!-- tearDown -->
        <test-method is-config="true" signature="setUp()[pri:0, instance:tests.InventoryItemPage_Test@752325ad]" started-at="2025-06-12T10:27:12 EDT" name="setUp" finished-at="2025-06-12T10:27:18 EDT" duration-ms="6018" status="PASS">
          <reporter-output>
          </reporter-output>
        </test-method> <!-- setUp -->
        <test-method signature="verifyRemoveProductFromCartFromInventoryItemPage()[pri:0, instance:tests.InventoryItemPage_Test@752325ad]" started-at="2025-06-12T10:27:18 EDT" name="verifyRemoveProductFromCartFromInventoryItemPage" finished-at="2025-06-12T10:27:21 EDT" duration-ms="3570" status="PASS">
          <reporter-output>
          </reporter-output>
        </test-method> <!-- verifyRemoveProductFromCartFromInventoryItemPage -->
        <test-method is-config="true" signature="tearDown()[pri:0, instance:tests.InventoryItemPage_Test@752325ad]" started-at="2025-06-12T10:27:21 EDT" name="tearDown" finished-at="2025-06-12T10:27:22 EDT" duration-ms="154" status="PASS">
          <reporter-output>
          </reporter-output>
        </test-method> <!-- tearDown -->
      </class> <!-- tests.InventoryItemPage_Test -->
    </test> <!-- Functional Tests -->
  </suite> <!-- Regression Suite -->
</testng-results>
